/home/sharowjr/nodevenv/public_html/sharpen/14/bin/node: line 10: User: command not found
internal/modules/cjs/loader.js:285
    throw e;
    ^

SyntaxError: Error parsing /home/sharowjr/public_html/sharpen/package.json: Unexpected token \ in JSON at position 1
    at parse (<anonymous>)
    at readPackage (internal/modules/cjs/loader.js:272:20)
    at readPackageScope (internal/modules/cjs/loader.js:297:19)
    at Object.Module._extensions..js (internal/modules/cjs/loader.js:1096:17)
    at Module.load (internal/modules/cjs/loader.js:950:32)
    at Function.Module._load (internal/modules/cjs/loader.js:790:12)
    at Module.require (internal/modules/cjs/loader.js:974:19)
    at require (internal/modules/cjs/helpers.js:101:18)
    at startApplication (/usr/local/lsws/fcgi-bin/lsnode.js:48:15)
    at Object.<anonymous> (/usr/local/lsws/fcgi-bin/lsnode.js:16:1) {
  path: '/home/sharowjr/public_html/sharpen/package.json'
}
/home/sharowjr/nodevenv/public_html/sharpen/14/bin/node: line 10: User: command not found
internal/modules/cjs/loader.js:285
    throw e;
    ^

SyntaxError: Error parsing /home/sharowjr/public_html/sharpen/package.json: Unexpected token \ in JSON at position 1
    at parse (<anonymous>)
    at readPackage (internal/modules/cjs/loader.js:272:20)
    at readPackageScope (internal/modules/cjs/loader.js:297:19)
    at Object.Module._extensions..js (internal/modules/cjs/loader.js:1096:17)
    at Module.load (internal/modules/cjs/loader.js:950:32)
    at Function.Module._load (internal/modules/cjs/loader.js:790:12)
    at Module.require (internal/modules/cjs/loader.js:974:19)
    at require (internal/modules/cjs/helpers.js:101:18)
    at startApplication (/usr/local/lsws/fcgi-bin/lsnode.js:48:15)
    at Object.<anonymous> (/usr/local/lsws/fcgi-bin/lsnode.js:16:1) {
  path: '/home/sharowjr/public_html/sharpen/package.json'
}
/home/sharowjr/nodevenv/public_html/sharpen/14/bin/node: line 10: User: command not found
internal/modules/cjs/loader.js:905
  throw err;
  ^

Error: Cannot find module '/home/sharowjr/public_html/sharpen//server.js'
Require stack:
- /usr/local/lsws/fcgi-bin/lsnode.js
    at Function.Module._resolveFilename (internal/modules/cjs/loader.js:902:15)
    at Function.Module._load (internal/modules/cjs/loader.js:746:27)
    at Module.require (internal/modules/cjs/loader.js:974:19)
    at require (internal/modules/cjs/helpers.js:101:18)
    at startApplication (/usr/local/lsws/fcgi-bin/lsnode.js:48:15)
    at Object.<anonymous> (/usr/local/lsws/fcgi-bin/lsnode.js:16:1)
    at Module._compile (internal/modules/cjs/loader.js:1085:14)
    at Object.Module._extensions..js (internal/modules/cjs/loader.js:1114:10)
    at Module.load (internal/modules/cjs/loader.js:950:32)
    at Function.Module._load (internal/modules/cjs/loader.js:790:12) {
  code: 'MODULE_NOT_FOUND',
  requireStack: [ '/usr/local/lsws/fcgi-bin/lsnode.js' ]
}
/home/sharowjr/nodevenv/public_html/sharpen/14/bin/node: line 10: User: command not found
internal/modules/cjs/loader.js:905
  throw err;
  ^

Error: Cannot find module '/home/sharowjr/public_html/sharpen//server.js'
Require stack:
- /usr/local/lsws/fcgi-bin/lsnode.js
    at Function.Module._resolveFilename (internal/modules/cjs/loader.js:902:15)
    at Function.Module._load (internal/modules/cjs/loader.js:746:27)
    at Module.require (internal/modules/cjs/loader.js:974:19)
    at require (internal/modules/cjs/helpers.js:101:18)
    at startApplication (/usr/local/lsws/fcgi-bin/lsnode.js:48:15)
    at Object.<anonymous> (/usr/local/lsws/fcgi-bin/lsnode.js:16:1)
    at Module._compile (internal/modules/cjs/loader.js:1085:14)
    at Object.Module._extensions..js (internal/modules/cjs/loader.js:1114:10)
    at Module.load (internal/modules/cjs/loader.js:950:32)
    at Function.Module._load (internal/modules/cjs/loader.js:790:12) {
  code: 'MODULE_NOT_FOUND',
  requireStack: [ '/usr/local/lsws/fcgi-bin/lsnode.js' ]
}
/home/sharowjr/nodevenv/public_html/sharpen/14/bin/node: line 10: User: command not found
internal/modules/cjs/loader.js:905
  throw err;
  ^

Error: Cannot find module '/home/sharowjr/public_html/sharpen//server.js'
Require stack:
- /usr/local/lsws/fcgi-bin/lsnode.js
    at Function.Module._resolveFilename (internal/modules/cjs/loader.js:902:15)
    at Function.Module._load (internal/modules/cjs/loader.js:746:27)
    at Module.require (internal/modules/cjs/loader.js:974:19)
    at require (internal/modules/cjs/helpers.js:101:18)
    at startApplication (/usr/local/lsws/fcgi-bin/lsnode.js:48:15)
    at Object.<anonymous> (/usr/local/lsws/fcgi-bin/lsnode.js:16:1)
    at Module._compile (internal/modules/cjs/loader.js:1085:14)
    at Object.Module._extensions..js (internal/modules/cjs/loader.js:1114:10)
    at Module.load (internal/modules/cjs/loader.js:950:32)
    at Function.Module._load (internal/modules/cjs/loader.js:790:12) {
  code: 'MODULE_NOT_FOUND',
  requireStack: [ '/usr/local/lsws/fcgi-bin/lsnode.js' ]
}
/home/sharowjr/nodevenv/public_html/sharpen/14/bin/node: line 10: User: command not found
internal/modules/cjs/loader.js:285
    throw e;
    ^

SyntaxError: Error parsing /home/sharowjr/public_html/sharpen/package.json: Unexpected token \ in JSON at position 1
    at parse (<anonymous>)
    at readPackage (internal/modules/cjs/loader.js:272:20)
    at readPackageScope (internal/modules/cjs/loader.js:297:19)
    at Object.Module._extensions..js (internal/modules/cjs/loader.js:1096:17)
    at Module.load (internal/modules/cjs/loader.js:950:32)
    at Function.Module._load (internal/modules/cjs/loader.js:790:12)
    at Module.require (internal/modules/cjs/loader.js:974:19)
    at require (internal/modules/cjs/helpers.js:101:18)
    at startApplication (/usr/local/lsws/fcgi-bin/lsnode.js:48:15)
    at Object.<anonymous> (/usr/local/lsws/fcgi-bin/lsnode.js:16:1) {
  path: '/home/sharowjr/public_html/sharpen/package.json'
}
/home/sharowjr/nodevenv/public_html/sharpen/14/bin/node: line 10: User: command not found
internal/modules/cjs/loader.js:285
    throw e;
    ^

SyntaxError: Error parsing /home/sharowjr/public_html/sharpen/package.json: Unexpected token \ in JSON at position 1
    at parse (<anonymous>)
    at readPackage (internal/modules/cjs/loader.js:272:20)
    at readPackageScope (internal/modules/cjs/loader.js:297:19)
    at Object.Module._extensions..js (internal/modules/cjs/loader.js:1096:17)
    at Module.load (internal/modules/cjs/loader.js:950:32)
    at Function.Module._load (internal/modules/cjs/loader.js:790:12)
    at Module.require (internal/modules/cjs/loader.js:974:19)
    at require (internal/modules/cjs/helpers.js:101:18)
    at startApplication (/usr/local/lsws/fcgi-bin/lsnode.js:48:15)
    at Object.<anonymous> (/usr/local/lsws/fcgi-bin/lsnode.js:16:1) {
  path: '/home/sharowjr/public_html/sharpen/package.json'
}
/home/sharowjr/nodevenv/public_html/sharpen/14/bin/node: line 10: User: command not found
internal/modules/cjs/loader.js:285
    throw e;
    ^

SyntaxError: Error parsing /home/sharowjr/public_html/sharpen/package.json: Unexpected token \ in JSON at position 1
    at parse (<anonymous>)
    at readPackage (internal/modules/cjs/loader.js:272:20)
    at readPackageScope (internal/modules/cjs/loader.js:297:19)
    at Object.Module._extensions..js (internal/modules/cjs/loader.js:1096:17)
    at Module.load (internal/modules/cjs/loader.js:950:32)
    at Function.Module._load (internal/modules/cjs/loader.js:790:12)
    at Module.require (internal/modules/cjs/loader.js:974:19)
    at require (internal/modules/cjs/helpers.js:101:18)
    at startApplication (/usr/local/lsws/fcgi-bin/lsnode.js:48:15)
    at Object.<anonymous> (/usr/local/lsws/fcgi-bin/lsnode.js:16:1) {
  path: '/home/sharowjr/public_html/sharpen/package.json'
}
/home/sharowjr/nodevenv/public_html/sharpen/14/bin/node: line 10: User: command not found
internal/modules/cjs/loader.js:285
    throw e;
    ^

SyntaxError: Error parsing /home/sharowjr/public_html/sharpen/package.json: Unexpected token \ in JSON at position 1
    at parse (<anonymous>)
    at readPackage (internal/modules/cjs/loader.js:272:20)
    at readPackageScope (internal/modules/cjs/loader.js:297:19)
    at Object.Module._extensions..js (internal/modules/cjs/loader.js:1096:17)
    at Module.load (internal/modules/cjs/loader.js:950:32)
    at Function.Module._load (internal/modules/cjs/loader.js:790:12)
    at Module.require (internal/modules/cjs/loader.js:974:19)
    at require (internal/modules/cjs/helpers.js:101:18)
    at startApplication (/usr/local/lsws/fcgi-bin/lsnode.js:48:15)
    at Object.<anonymous> (/usr/local/lsws/fcgi-bin/lsnode.js:16:1) {
  path: '/home/sharowjr/public_html/sharpen/package.json'
}
/home/sharowjr/nodevenv/public_html/sharpen/14/bin/node: line 10: User: command not found
internal/modules/cjs/loader.js:285
    throw e;
    ^

SyntaxError: Error parsing /home/sharowjr/public_html/sharpen/package.json: Unexpected token \ in JSON at position 1
    at parse (<anonymous>)
    at readPackage (internal/modules/cjs/loader.js:272:20)
    at readPackageScope (internal/modules/cjs/loader.js:297:19)
    at Object.Module._extensions..js (internal/modules/cjs/loader.js:1096:17)
    at Module.load (internal/modules/cjs/loader.js:950:32)
    at Function.Module._load (internal/modules/cjs/loader.js:790:12)
    at Module.require (internal/modules/cjs/loader.js:974:19)
    at require (internal/modules/cjs/helpers.js:101:18)
    at startApplication (/usr/local/lsws/fcgi-bin/lsnode.js:48:15)
    at Object.<anonymous> (/usr/local/lsws/fcgi-bin/lsnode.js:16:1) {
  path: '/home/sharowjr/public_html/sharpen/package.json'
}
/home/sharowjr/nodevenv/public_html/sharpen/14/bin/node: line 10: User: command not found
internal/modules/cjs/loader.js:285
    throw e;
    ^

SyntaxError: Error parsing /home/sharowjr/public_html/sharpen/package.json: Unexpected token \ in JSON at position 1
    at parse (<anonymous>)
    at readPackage (internal/modules/cjs/loader.js:272:20)
    at readPackageScope (internal/modules/cjs/loader.js:297:19)
    at Object.Module._extensions..js (internal/modules/cjs/loader.js:1096:17)
    at Module.load (internal/modules/cjs/loader.js:950:32)
    at Function.Module._load (internal/modules/cjs/loader.js:790:12)
    at Module.require (internal/modules/cjs/loader.js:974:19)
    at require (internal/modules/cjs/helpers.js:101:18)
    at startApplication (/usr/local/lsws/fcgi-bin/lsnode.js:48:15)
    at Object.<anonymous> (/usr/local/lsws/fcgi-bin/lsnode.js:16:1) {
  path: '/home/sharowjr/public_html/sharpen/package.json'
}
/home/sharowjr/nodevenv/public_html/sharpen/14/bin/node: line 10: User: command not found
internal/modules/cjs/loader.js:285
    throw e;
    ^

SyntaxError: Error parsing /home/sharowjr/public_html/sharpen/package.json: Unexpected token \ in JSON at position 1
    at parse (<anonymous>)
    at readPackage (internal/modules/cjs/loader.js:272:20)
    at readPackageScope (internal/modules/cjs/loader.js:297:19)
    at Object.Module._extensions..js (internal/modules/cjs/loader.js:1096:17)
    at Module.load (internal/modules/cjs/loader.js:950:32)
    at Function.Module._load (internal/modules/cjs/loader.js:790:12)
    at Module.require (internal/modules/cjs/loader.js:974:19)
    at require (internal/modules/cjs/helpers.js:101:18)
    at startApplication (/usr/local/lsws/fcgi-bin/lsnode.js:48:15)
    at Object.<anonymous> (/usr/local/lsws/fcgi-bin/lsnode.js:16:1) {
  path: '/home/sharowjr/public_html/sharpen/package.json'
}
/home/sharowjr/nodevenv/public_html/sharpen/14/bin/node: line 10: User: command not found
internal/modules/cjs/loader.js:285
    throw e;
    ^

SyntaxError: Error parsing /home/sharowjr/public_html/sharpen/package.json: Unexpected token \ in JSON at position 1
    at parse (<anonymous>)
    at readPackage (internal/modules/cjs/loader.js:272:20)
    at readPackageScope (internal/modules/cjs/loader.js:297:19)
    at Object.Module._extensions..js (internal/modules/cjs/loader.js:1096:17)
    at Module.load (internal/modules/cjs/loader.js:950:32)
    at Function.Module._load (internal/modules/cjs/loader.js:790:12)
    at Module.require (internal/modules/cjs/loader.js:974:19)
    at require (internal/modules/cjs/helpers.js:101:18)
    at startApplication (/usr/local/lsws/fcgi-bin/lsnode.js:48:15)
    at Object.<anonymous> (/usr/local/lsws/fcgi-bin/lsnode.js:16:1) {
  path: '/home/sharowjr/public_html/sharpen/package.json'
}
/home/sharowjr/nodevenv/public_html/sharpen/14/bin/node: line 10: User: command not found
internal/modules/cjs/loader.js:285
    throw e;
    ^

SyntaxError: Error parsing /home/sharowjr/public_html/sharpen/package.json: Unexpected token \ in JSON at position 1
    at parse (<anonymous>)
    at readPackage (internal/modules/cjs/loader.js:272:20)
    at readPackageScope (internal/modules/cjs/loader.js:297:19)
    at Object.Module._extensions..js (internal/modules/cjs/loader.js:1096:17)
    at Module.load (internal/modules/cjs/loader.js:950:32)
    at Function.Module._load (internal/modules/cjs/loader.js:790:12)
    at Module.require (internal/modules/cjs/loader.js:974:19)
    at require (internal/modules/cjs/helpers.js:101:18)
    at startApplication (/usr/local/lsws/fcgi-bin/lsnode.js:48:15)
    at Object.<anonymous> (/usr/local/lsws/fcgi-bin/lsnode.js:16:1) {
  path: '/home/sharowjr/public_html/sharpen/package.json'
}
/home/sharowjr/nodevenv/public_html/sharpen/14/bin/node: line 10: User: command not found
internal/modules/cjs/loader.js:285
    throw e;
    ^

SyntaxError: Error parsing /home/sharowjr/public_html/sharpen/package.json: Unexpected token \ in JSON at position 1
    at parse (<anonymous>)
    at readPackage (internal/modules/cjs/loader.js:272:20)
    at readPackageScope (internal/modules/cjs/loader.js:297:19)
    at Object.Module._extensions..js (internal/modules/cjs/loader.js:1096:17)
    at Module.load (internal/modules/cjs/loader.js:950:32)
    at Function.Module._load (internal/modules/cjs/loader.js:790:12)
    at Module.require (internal/modules/cjs/loader.js:974:19)
    at require (internal/modules/cjs/helpers.js:101:18)
    at startApplication (/usr/local/lsws/fcgi-bin/lsnode.js:48:15)
    at Object.<anonymous> (/usr/local/lsws/fcgi-bin/lsnode.js:16:1) {
  path: '/home/sharowjr/public_html/sharpen/package.json'
}
/home/sharowjr/nodevenv/public_html/sharpen/14/bin/node: line 10: User: command not found
internal/modules/cjs/loader.js:285
    throw e;
    ^

SyntaxError: Error parsing /home/sharowjr/public_html/sharpen/package.json: Unexpected token \ in JSON at position 1
    at parse (<anonymous>)
    at readPackage (internal/modules/cjs/loader.js:272:20)
    at readPackageScope (internal/modules/cjs/loader.js:297:19)
    at Object.Module._extensions..js (internal/modules/cjs/loader.js:1096:17)
    at Module.load (internal/modules/cjs/loader.js:950:32)
    at Function.Module._load (internal/modules/cjs/loader.js:790:12)
    at Module.require (internal/modules/cjs/loader.js:974:19)
    at require (internal/modules/cjs/helpers.js:101:18)
    at startApplication (/usr/local/lsws/fcgi-bin/lsnode.js:48:15)
    at Object.<anonymous> (/usr/local/lsws/fcgi-bin/lsnode.js:16:1) {
  path: '/home/sharowjr/public_html/sharpen/package.json'
}
node:internal/modules/package_json_reader:92
        throw error;
        ^

SyntaxError: Error parsing /home/sharowjr/public_html/sharpenapp/package.json: Unexpected token \ in JSON at position 1
    at parse (<anonymous>)
    at read (node:internal/modules/package_json_reader:79:16)
    at readPackage (node:internal/modules/package_json_reader:140:10)
    at Object.readPackageScope (node:internal/modules/package_json_reader:157:19)
    at Module._extensions..js (node:internal/modules/cjs/loader:1388:35)
    at Module.load (node:internal/modules/cjs/loader:1203:32)
    at Module._load (node:internal/modules/cjs/loader:1019:12)
    at Module.require (node:internal/modules/cjs/loader:1231:19)
    at require (node:internal/modules/helpers:177:18)
    at startApplication (/usr/local/lsws/fcgi-bin/lsnode.js:48:15) {
  path: '/home/sharowjr/public_html/sharpenapp/package.json'
}

Node.js v18.20.7
node:internal/modules/package_json_reader:92
        throw error;
        ^

SyntaxError: Error parsing /home/sharowjr/public_html/sharpenapp/package.json: Unexpected token \ in JSON at position 1
    at parse (<anonymous>)
    at read (node:internal/modules/package_json_reader:79:16)
    at readPackage (node:internal/modules/package_json_reader:140:10)
    at Object.readPackageScope (node:internal/modules/package_json_reader:157:19)
    at Module._extensions..js (node:internal/modules/cjs/loader:1388:35)
    at Module.load (node:internal/modules/cjs/loader:1203:32)
    at Module._load (node:internal/modules/cjs/loader:1019:12)
    at Module.require (node:internal/modules/cjs/loader:1231:19)
    at require (node:internal/modules/helpers:177:18)
    at startApplication (/usr/local/lsws/fcgi-bin/lsnode.js:48:15) {
  path: '/home/sharowjr/public_html/sharpenapp/package.json'
}

Node.js v18.20.7
node:internal/modules/package_json_reader:92
        throw error;
        ^

SyntaxError: Error parsing /home/sharowjr/public_html/sharpenapp/package.json: Unexpected token \ in JSON at position 1
    at parse (<anonymous>)
    at read (node:internal/modules/package_json_reader:79:16)
    at readPackage (node:internal/modules/package_json_reader:140:10)
    at Object.readPackageScope (node:internal/modules/package_json_reader:157:19)
    at Module._extensions..js (node:internal/modules/cjs/loader:1388:35)
    at Module.load (node:internal/modules/cjs/loader:1203:32)
    at Module._load (node:internal/modules/cjs/loader:1019:12)
    at Module.require (node:internal/modules/cjs/loader:1231:19)
    at require (node:internal/modules/helpers:177:18)
    at startApplication (/usr/local/lsws/fcgi-bin/lsnode.js:48:15) {
  path: '/home/sharowjr/public_html/sharpenapp/package.json'
}

Node.js v18.20.7
node:internal/modules/package_json_reader:92
        throw error;
        ^

SyntaxError: Error parsing /home/sharowjr/public_html/sharpenapp/package.json: Unexpected token \ in JSON at position 1
    at parse (<anonymous>)
    at read (node:internal/modules/package_json_reader:79:16)
    at readPackage (node:internal/modules/package_json_reader:140:10)
    at Object.readPackageScope (node:internal/modules/package_json_reader:157:19)
    at Module._extensions..js (node:internal/modules/cjs/loader:1388:35)
    at Module.load (node:internal/modules/cjs/loader:1203:32)
    at Module._load (node:internal/modules/cjs/loader:1019:12)
    at Module.require (node:internal/modules/cjs/loader:1231:19)
    at require (node:internal/modules/helpers:177:18)
    at startApplication (/usr/local/lsws/fcgi-bin/lsnode.js:48:15) {
  path: '/home/sharowjr/public_html/sharpenapp/package.json'
}

Node.js v18.20.7
node:internal/modules/package_json_reader:92
        throw error;
        ^

SyntaxError: Error parsing /home/sharowjr/public_html/sharpenapp/package.json: Unexpected token \ in JSON at position 1
    at parse (<anonymous>)
    at read (node:internal/modules/package_json_reader:79:16)
    at readPackage (node:internal/modules/package_json_reader:140:10)
    at Object.readPackageScope (node:internal/modules/package_json_reader:157:19)
    at Module._extensions..js (node:internal/modules/cjs/loader:1388:35)
    at Module.load (node:internal/modules/cjs/loader:1203:32)
    at Module._load (node:internal/modules/cjs/loader:1019:12)
    at Module.require (node:internal/modules/cjs/loader:1231:19)
    at require (node:internal/modules/helpers:177:18)
    at startApplication (/usr/local/lsws/fcgi-bin/lsnode.js:48:15) {
  path: '/home/sharowjr/public_html/sharpenapp/package.json'
}

Node.js v18.20.7
node:internal/modules/package_json_reader:92
        throw error;
        ^

SyntaxError: Error parsing /home/sharowjr/public_html/sharpenapp/package.json: Unexpected token \ in JSON at position 1
    at parse (<anonymous>)
    at read (node:internal/modules/package_json_reader:79:16)
    at readPackage (node:internal/modules/package_json_reader:140:10)
    at Object.readPackageScope (node:internal/modules/package_json_reader:157:19)
    at Module._extensions..js (node:internal/modules/cjs/loader:1388:35)
    at Module.load (node:internal/modules/cjs/loader:1203:32)
    at Module._load (node:internal/modules/cjs/loader:1019:12)
    at Module.require (node:internal/modules/cjs/loader:1231:19)
    at require (node:internal/modules/helpers:177:18)
    at startApplication (/usr/local/lsws/fcgi-bin/lsnode.js:48:15) {
  path: '/home/sharowjr/public_html/sharpenapp/package.json'
}

Node.js v18.20.7
node:internal/modules/package_json_reader:92
        throw error;
        ^

SyntaxError: Error parsing /home/sharowjr/public_html/sharpenapp/package.json: Unexpected token \ in JSON at position 1
    at parse (<anonymous>)
    at read (node:internal/modules/package_json_reader:79:16)
    at readPackage (node:internal/modules/package_json_reader:140:10)
    at Object.readPackageScope (node:internal/modules/package_json_reader:157:19)
    at Module._extensions..js (node:internal/modules/cjs/loader:1388:35)
    at Module.load (node:internal/modules/cjs/loader:1203:32)
    at Module._load (node:internal/modules/cjs/loader:1019:12)
    at Module.require (node:internal/modules/cjs/loader:1231:19)
    at require (node:internal/modules/helpers:177:18)
    at startApplication (/usr/local/lsws/fcgi-bin/lsnode.js:48:15) {
  path: '/home/sharowjr/public_html/sharpenapp/package.json'
}

Node.js v18.20.7
node:internal/modules/package_json_reader:92
        throw error;
        ^

SyntaxError: Error parsing /home/sharowjr/public_html/sharpenapp/package.json: Unexpected token \ in JSON at position 1
    at parse (<anonymous>)
    at read (node:internal/modules/package_json_reader:79:16)
    at readPackage (node:internal/modules/package_json_reader:140:10)
    at Object.readPackageScope (node:internal/modules/package_json_reader:157:19)
    at Module._extensions..js (node:internal/modules/cjs/loader:1388:35)
    at Module.load (node:internal/modules/cjs/loader:1203:32)
    at Module._load (node:internal/modules/cjs/loader:1019:12)
    at Module.require (node:internal/modules/cjs/loader:1231:19)
    at require (node:internal/modules/helpers:177:18)
    at startApplication (/usr/local/lsws/fcgi-bin/lsnode.js:48:15) {
  path: '/home/sharowjr/public_html/sharpenapp/package.json'
}

Node.js v18.20.7
node:internal/modules/package_json_reader:92
        throw error;
        ^

SyntaxError: Error parsing /home/sharowjr/public_html/sharpenapp/package.json: Unexpected token \ in JSON at position 1
    at parse (<anonymous>)
    at read (node:internal/modules/package_json_reader:79:16)
    at readPackage (node:internal/modules/package_json_reader:140:10)
    at Object.readPackageScope (node:internal/modules/package_json_reader:157:19)
    at Module._extensions..js (node:internal/modules/cjs/loader:1388:35)
    at Module.load (node:internal/modules/cjs/loader:1203:32)
    at Module._load (node:internal/modules/cjs/loader:1019:12)
    at Module.require (node:internal/modules/cjs/loader:1231:19)
    at require (node:internal/modules/helpers:177:18)
    at startApplication (/usr/local/lsws/fcgi-bin/lsnode.js:48:15) {
  path: '/home/sharowjr/public_html/sharpenapp/package.json'
}

Node.js v18.20.7
node:internal/modules/package_json_reader:92
        throw error;
        ^

SyntaxError: Error parsing /home/sharowjr/public_html/sharpenapp/package.json: Unexpected token \ in JSON at position 1
    at parse (<anonymous>)
    at read (node:internal/modules/package_json_reader:79:16)
    at readPackage (node:internal/modules/package_json_reader:140:10)
    at Object.readPackageScope (node:internal/modules/package_json_reader:157:19)
    at Module._extensions..js (node:internal/modules/cjs/loader:1388:35)
    at Module.load (node:internal/modules/cjs/loader:1203:32)
    at Module._load (node:internal/modules/cjs/loader:1019:12)
    at Module.require (node:internal/modules/cjs/loader:1231:19)
    at require (node:internal/modules/helpers:177:18)
    at startApplication (/usr/local/lsws/fcgi-bin/lsnode.js:48:15) {
  path: '/home/sharowjr/public_html/sharpenapp/package.json'
}

Node.js v18.20.7
node:internal/modules/package_json_reader:92
        throw error;
        ^

SyntaxError: Error parsing /home/sharowjr/public_html/sharpenapp/package.json: Unexpected token \ in JSON at position 1
    at parse (<anonymous>)
    at read (node:internal/modules/package_json_reader:79:16)
    at readPackage (node:internal/modules/package_json_reader:140:10)
    at Object.readPackageScope (node:internal/modules/package_json_reader:157:19)
    at Module._extensions..js (node:internal/modules/cjs/loader:1388:35)
    at Module.load (node:internal/modules/cjs/loader:1203:32)
    at Module._load (node:internal/modules/cjs/loader:1019:12)
    at Module.require (node:internal/modules/cjs/loader:1231:19)
    at require (node:internal/modules/helpers:177:18)
    at startApplication (/usr/local/lsws/fcgi-bin/lsnode.js:48:15) {
  path: '/home/sharowjr/public_html/sharpenapp/package.json'
}

Node.js v18.20.7
node:internal/modules/package_json_reader:92
        throw error;
        ^

SyntaxError: Error parsing /home/sharowjr/public_html/sharpenapp/package.json: Unexpected token \ in JSON at position 1
    at parse (<anonymous>)
    at read (node:internal/modules/package_json_reader:79:16)
    at readPackage (node:internal/modules/package_json_reader:140:10)
    at Object.readPackageScope (node:internal/modules/package_json_reader:157:19)
    at Module._extensions..js (node:internal/modules/cjs/loader:1388:35)
    at Module.load (node:internal/modules/cjs/loader:1203:32)
    at Module._load (node:internal/modules/cjs/loader:1019:12)
    at Module.require (node:internal/modules/cjs/loader:1231:19)
    at require (node:internal/modules/helpers:177:18)
    at startApplication (/usr/local/lsws/fcgi-bin/lsnode.js:48:15) {
  path: '/home/sharowjr/public_html/sharpenapp/package.json'
}

Node.js v18.20.7
/home/sharowjr/public_html/sharpenapp/server.js:1
{\rtf1\ansi\ansicpg1252\cocoartf2822
 ^

SyntaxError: Invalid or unexpected token
    at internalCompileFunction (node:internal/vm:76:18)
    at wrapSafe (node:internal/modules/cjs/loader:1283:20)
    at Module._compile (node:internal/modules/cjs/loader:1328:27)
    at Module._extensions..js (node:internal/modules/cjs/loader:1422:10)
    at Module.load (node:internal/modules/cjs/loader:1203:32)
    at Module._load (node:internal/modules/cjs/loader:1019:12)
    at Module.require (node:internal/modules/cjs/loader:1231:19)
    at require (node:internal/modules/helpers:177:18)
    at startApplication (/usr/local/lsws/fcgi-bin/lsnode.js:48:15)
    at Object.<anonymous> (/usr/local/lsws/fcgi-bin/lsnode.js:16:1)

Node.js v18.20.7
/home/sharowjr/public_html/sharpenapp/server.js:1
{\rtf1\ansi\ansicpg1252\cocoartf2822
 ^

SyntaxError: Invalid or unexpected token
    at internalCompileFunction (node:internal/vm:76:18)
    at wrapSafe (node:internal/modules/cjs/loader:1283:20)
    at Module._compile (node:internal/modules/cjs/loader:1328:27)
    at Module._extensions..js (node:internal/modules/cjs/loader:1422:10)
    at Module.load (node:internal/modules/cjs/loader:1203:32)
    at Module._load (node:internal/modules/cjs/loader:1019:12)
    at Module.require (node:internal/modules/cjs/loader:1231:19)
    at require (node:internal/modules/helpers:177:18)
    at startApplication (/usr/local/lsws/fcgi-bin/lsnode.js:48:15)
    at Object.<anonymous> (/usr/local/lsws/fcgi-bin/lsnode.js:16:1)

Node.js v18.20.7
/home/sharowjr/public_html/sharpenapp/server.js:1
{\rtf1\ansi\ansicpg1252\cocoartf2822
 ^

SyntaxError: Invalid or unexpected token
    at internalCompileFunction (node:internal/vm:76:18)
    at wrapSafe (node:internal/modules/cjs/loader:1283:20)
    at Module._compile (node:internal/modules/cjs/loader:1328:27)
    at Module._extensions..js (node:internal/modules/cjs/loader:1422:10)
    at Module.load (node:internal/modules/cjs/loader:1203:32)
    at Module._load (node:internal/modules/cjs/loader:1019:12)
    at Module.require (node:internal/modules/cjs/loader:1231:19)
    at require (node:internal/modules/helpers:177:18)
    at startApplication (/usr/local/lsws/fcgi-bin/lsnode.js:48:15)
    at Object.<anonymous> (/usr/local/lsws/fcgi-bin/lsnode.js:16:1)

Node.js v18.20.7
/home/sharowjr/public_html/sharpenapp/server.js:1
{\rtf1\ansi\ansicpg1252\cocoartf2822
 ^

SyntaxError: Invalid or unexpected token
    at internalCompileFunction (node:internal/vm:76:18)
    at wrapSafe (node:internal/modules/cjs/loader:1283:20)
    at Module._compile (node:internal/modules/cjs/loader:1328:27)
    at Module._extensions..js (node:internal/modules/cjs/loader:1422:10)
    at Module.load (node:internal/modules/cjs/loader:1203:32)
    at Module._load (node:internal/modules/cjs/loader:1019:12)
    at Module.require (node:internal/modules/cjs/loader:1231:19)
    at require (node:internal/modules/helpers:177:18)
    at startApplication (/usr/local/lsws/fcgi-bin/lsnode.js:48:15)
    at Object.<anonymous> (/usr/local/lsws/fcgi-bin/lsnode.js:16:1)

Node.js v18.20.7
/home/sharowjr/public_html/sharpenapp/server.js:1
{\rtf1\ansi\ansicpg1252\cocoartf2822
 ^

SyntaxError: Invalid or unexpected token
    at internalCompileFunction (node:internal/vm:76:18)
    at wrapSafe (node:internal/modules/cjs/loader:1283:20)
    at Module._compile (node:internal/modules/cjs/loader:1328:27)
    at Module._extensions..js (node:internal/modules/cjs/loader:1422:10)
    at Module.load (node:internal/modules/cjs/loader:1203:32)
    at Module._load (node:internal/modules/cjs/loader:1019:12)
    at Module.require (node:internal/modules/cjs/loader:1231:19)
    at require (node:internal/modules/helpers:177:18)
    at startApplication (/usr/local/lsws/fcgi-bin/lsnode.js:48:15)
    at Object.<anonymous> (/usr/local/lsws/fcgi-bin/lsnode.js:16:1)

Node.js v18.20.7
